09:55:08 WinWCP Started
09:55:37 Recording Started 
09:55:37 New data file: C:\Users\cecs06\Documents\WinWCP Data\130903_001.w09:58:53 WinWCP Started
09:59:15 Recording Started 
09:59:15 New data file: C:\Users\cecs06\Documents\WinWCP Data\130903_002.w10:01:54 WinWCP Started
10:31:13 Recording Started 
10:31:14 New data file: C:\Users\cecs06\Documents\WinWCP Data\130903_003.w10:42:57 WinWCP Started
10:43:19 Recording Started 
10:43:19 New data file: C:\Users\cecs06\Documents\WinWCP Data\130903_004.w10:44:42 WinWCP Started
10:45:21 Recording Started 
10:45:21 New data file: C:\Users\cecs06\Documents\WinWCP Data\130903_005.w10:47:39 WinWCP Started
10:48:03 Recording Started 
10:48:03 New data file: C:\Users\cecs06\Documents\WinWCP Data\130903_006.wcp created.
10:49:10 Stopped (0 records)
10:50:56 WinWCP Started
10:50:59 Recording Started 
10:51:00 New data file: C:\Users\cecs06\Documents\WinWCP Data\130903_007.w10:52:39 WinWCP Started
10:52:42 Recording Started 
10:52:42 New data file: C:\Users\cecs06\Documents\WinWCP Data\130903_008.wcp created.
10:53:15 Stopped (1 records)
10:55:16 WinWCP Started
10:55:22 Recording Started 
10:55:23 New data file: C:\Users\cecs06\Documents\WinWCP Data\130903_009.w10:59:38 WinWCP Started
10:59:41 Recording Started 
10:59:41 New data file: C:\Users\cecs06\Documents\WinWCP Data\130903_010.wcp created.
10:59:46 Stopped (5 records)
10:59:56 Recording Started 
11:00:06 Stopped (10 records)
11:00:14 Recording Started 
11:00:19 Stopped (15 records)
11:03:22 WinWCP Started
11:03:27 Recording Started 
11:03:27 New data file: C:\Users\cecs06\Documents\WinWCP Data\130903_011.wcp created.
11:03:32 Stopped (5 records)
11:03:37 Recording Started 
11:03:43 Stopped (10 records)
11:03:47 Recording Started 
11:03:51 Stopped (14 records)
11:04:20 WinWCP Started
11:04:29 Recording Started 
11:04:29 New data file: C:\Users\cecs06\Documents\WinWCP Data\130903_012.wcp created.
11:04:39 Stopped (5 records)
11:04:44 Recording Started 
11:04:53 Stopped (10 records)
11:04:55 Recording Started 
11:04:57 Stopped (11 records)
11:07:38 WinWCP Started
11:07:42 Recording Started 
11:07:42 New data file: C:\Users\cecs06\Documents\WinWCP Data\130903_013.wcp created.
11:07:50 Stopped (5 records)
11:07:51 Recording Started 
11:07:54 Stopped (7 records)
11:10:20 WinWCP Started
11:10:22 Recording Started 
11:10:22 New data file: C:\Users\cecs06\Documents\WinWCP Data\130903_014.wcp created.
11:10:26 Stopped (2 records)
11:10:27 Recording Started 
11:10:31 Stopped (4 records)
11:10:32 Recording Started 
11:10:35 Stopped (6 records)
11:16:57 WinWCP Started
11:16:59 Recording Started 
11:16:59 New data file: C:\Users\cecs06\Documents\WinWCP Data\130903_015.wcp created.
11:17:01 Stopped (1 records)
11:17:02 Recording Started 
11:17:03 Stopped (2 records)
11:17:24 WinWCP Started
11:17:28 Recording Started 
11:17:28 New data file: C:\Users\cecs06\Documents\WinWCP Data\130903_016.wcp created.
11:17:30 Stopped (2 records)
11:17:31 Recording Started 
11:17:32 Stopped (3 records)
11:17:40 Recording Started11:18:46 WinWCP Started
11:18:49 Recording Started 
11:18:49 New data file: C:\Users\cecs06\Documents\WinWCP Data\130903_017.wcp created.
11:18:50 Stopped (1 records)
11:18:51 Recording Started 
11:18:59 Stopped (5 records)
11:19:32 WinWCP Started
11:19:34 Recording Started 
11:19:34 New data file: C:\Users\cecs06\Documents\WinWCP Data\130903_018.wcp created.
11:19:40 Stopped (3 records)
11:22:29 WinWCP Started
11:22:31 Recording Started 
11:22:31 New data file: C:\Users\cecs06\Documents\WinWCP Data\130903_019.wcp created.
11:22:34 Stopped (2 records)
11:30:58 WinWCP Started
12:23:46 WinWCP Started
12:23:49 Recording Started 
12:23:50 New data file: C:\Users\cecs06\Documents\WinWCP Data\130903_020.wcp created.
12:23:59 Stopped (2 records)
12:24:00 Recording Started 
12:24:10 Stopped (7 records)
12:26:20 Recording Started 
12:26:20 New data file: C:\Users\cecs06\Documents\WinWCP Data\130903_020.1.wcp created.
12:26:42 WinWCP Started
12:26:47 Recording Started 
12:26:47 New data file: C:\Users\cecs06\Documents\WinWCP Data\130903_021.wcp created.
12:26:57 Stopped (5 records)
12:27:04 Recording Started 
12:27:09 Stopped (10 records)
12:47:37 WinWCP Started
12:47:41 Recording Started 
12:47:41 New data file: C:\Users\cecs06\Documents\WinWCP Data\130903_022.w12:49:01 WinWCP Started
12:49:05 Recording Started 
12:49:05 New data file: C:\Users\cecs06\Documents\WinWCP Data\130903_023.w12:50:08 WinWCP Started
12:50:12 Recording Started 
12:50:12 New data file: C:\Users\cecs06\Documents\WinWCP Data\130903_024.w12:51:11 WinWCP Started
12:51:14 Recording Started 
12:51:14 New data file: C:\Users\cecs06\Documents\WinWCP Data\130903_025.wcp created.
12:51:21 Stopped (0 records)
12:51:22 Recording Started 
12:51:26 Stopped (0 records)
12:51:32 Recording Started 
12:51:35 Stopped (0 records)
12:52:23 WinWCP Started
12:52:25 Recording Started 
12:52:25 New data file: C:\Users\cecs06\Documents\WinWCP Data\130903_026.w12:53:59 WinWCP Started
13:08:11 WinWCP Started
13:08:13 Recording Started 
13:08:13 New data file: C:\Users\cecs06\Documents\WinWCP Data\130903_027.wcp created.
13:08:16 Stopped (3 records)
13:08:17 Recording Started 
13:08:18 Stopped (4 records)
13:15:16 WinWCP Started
13:48:41 WinWCP Started
14:39:08 WinWCP Started
14:44:58 WinWCP Started
14:51:04 WinWCP Started
14:56:19 WinWCP Started
14:57:06 WinWCP Started
16:33:04 WinWCP Started
16:35:37 WinWCP Started
16:44:05 WinWCP Started
16:45:31 WinWCP Started
16:46:28 WinWCP Started
16:47:04 WinWCP Started
16:57:07 WinWCP Started
16:57:25 WinWCP Started
16:59:28 WinWCP Started
17:09:57 WinWCP Started
