08:16:38 WinWCP Started
08:20:30 WinWCP Started
08:26:20 WinWCP Started
08:30:40 WinWCP Started
08:32:04 WinWCP Started
08:32:44 WinWCP Started
08:34:06 WinWCP Started
08:36:21 WinWCP Started
08:39:46 WinWCP Started
08:48:48 WinWCP Started
08:50:53 WinWCP Started
08:59:19 WinWCP Started
09:00:12 WinWCP Started
09:01:03 WinWCP Started
09:20:19 WinWCP Started
09:21:52 WinWCP Started
09:37:42 WinWCP Started
09:51:23 WinWCP Started
09:52:18 WinWCP Started
09:53:10 WinWCP Started
11:11:38 WinWCP Started
11:20:45 WinWCP Started
11:30:51 WinWCP Started
11:31:32 WinWCP Started
11:38:54 WinWCP Started
11:40:02 WinWCP Started
12:27:16 WinWCP Started
12:34:48 WinWCP Started
12:39:01 WinWCP Started
12:43:24 WinWCP Started
12:48:07 WinWCP Started
13:15:55 WinWCP Started
13:26:13 WinWCP Started
13:30:30 WinWCP Started
13:31:29 WinWCP Started
13:50:52 WinWCP Started
13:53:37 WinWCP Started
13:54:54 WinWCP Started
13:58:51 WinWCP Started
13:59:45 Recording Started 
13:59:45 Stimulus Protocol: C:\Users\Public\Documents\WinWCP\Vprot\VSteps 10-100mV 100ms.xml
13:59:45 New data file: C:\Users\cecs06\Documents\WinWCP Data\130906_001.wcp created.
13:59:55 Stopped (10 records)
14:00:57 WinWCP Started
14:02:41 Recording Started 
14:02:41 Stimulus Protocol: C:\Users\Public\Documents\WinWCP\Vprot\VSteps 10-100mV 100ms.xml
14:02:42 New data file: C:\Users\cecs06\Documents\WinWCP Data\130906_002.wcp created.
14:02:51 Stopped (10 records)
14:02:53 Recording Started 
14:02:53 Stimulus Protocol: C:\Users\Public\Documents\WinWCP\Vprot\test.xml
14:03:02 Stimulus Protocol: C:\Users\Public\Documents\WinWCP\Vprot\test.xml
14:03:13 Stimulus Protocol: C:\Users\Public\Documents\WinWCP\Vprot\test.xml
14:03:16 Stopped (33 records)
14:03:20 Recording Started 
14:03:20 Stimulus Protocol: C:\Users\Public\Documents\WinWCP\Vprot\test.xml
14:03:21 New data file: C:\Users\cecs06\Documents\WinWCP Data\130906_002.test.1.wcp created.
14:03:30 Stimulus Protocol: C:\Users\Public\Documents\WinWCP\Vprot\test.xml
14:03:30 New data file: C:\Users\cecs06\Documents\WinWCP Data\130906_002.test.2.wcp created.
14:03:37 Stopped (6 records)
14:03:37 Recording Started 
14:03:38 Stimulus Protocol: C:\Users\Public\Documents\WinWCP\Vprot\test.xml
14:03:38 New data file: C:\Users\cecs06\Documents\WinWCP Data\130906_002.test.3.wcp created.
14:03:47 Stimulus Protocol: C:\Users\Public\Documents\WinWCP\Vprot\test.xml
14:03:47 New data file: C:\Users\cecs06\Documents\WinWCP Data\130906_002.test.4.wcp created.
14:03:57 Stimulus Protocol: C:\Users\Public\Documents\WinWCP\Vprot\test.xml
14:03:57 New data file: C:\Users\cecs06\Documents\WinWCP Data\130906_002.test.5.wcp created.
14:04:00 Stopped (2 records)
15:04:18 WinWCP Started
15:06:35 WinWCP Started
15:07:00 WinWCP Started
