10:56:37 WinWCP Started
10:56:44 WinWCP Started
10:58:11 WinWCP Started
11:01:39 WinWCP Started
11:04:07 WinWCP Started
11:05:31 WinWCP Started
11:05:58 Recording Started 
11:05:58 Stimulus Protocol: C:\Users\Public\Documents\WinWCP\Vprot\test.xml
11:05:59 New data file: C:\Users\cecs06\Documents\WinWCP Data\130910_002.wcp created.
11:06:02 Stopped (2 records)
11:08:53 WinWCP Started
11:08:58 Recording Started 
11:08:58 Stimulus Protocol: C:\Users\Public\Documents\WinWCP\Vprot\test.xml
11:08:58 New data file: C:\Users\cecs06\Documents\WinWCP Data\130910_003.wcp created.
11:09:09 Stopped (5 records)
11:09:30 Recording Started 
11:09:30 Stimulus Protocol: C:\Users\Public\Documents\WinWCP\Vprot\test.xml
11:09:46 Stopped (13 records)
11:10:30 Recording Started 
11:10:30 Stimulus Protocol: C:\Users\Public\Documents\WinWCP\Vprot\test.xml
11:10:38 Stopped (17 records)
11:10:46 WinWCP Started
11:10:58 Recording Started 
11:10:58 Stimulus Protocol: C:\Users\Public\Documents\WinWCP\Vprot\test.xml
11:10:58 New data file: C:\Users\cecs06\Documents\WinWCP Data\130910_004.wcp created.
11:11:10 Stopped (6 records)
11:11:36 WinWCP Started
11:11:39 Recording Started 
11:11:39 Stimulus Protocol: C:\Users\Public\Documents\WinWCP\Vprot\test.xml
11:11:39 New data file: C:\Users\cecs06\Documents\WinWCP Data\130910_005.wcp created.
11:12:08 Stopped (2 records)
11:12:24 WinWCP Started
11:12:27 Recording Started 
11:12:27 Stimulus Protocol: C:\Users\Public\Documents\WinWCP\Vprot\test.xml
11:12:27 New data file: C:\Users\cecs06\Documents\WinWCP Data\130910_006.wcp created.
11:12:40 Stopped (2 records)
11:15:56 WinWCP Started
11:17:17 WinWCP Started
11:17:20 Recording Started 
11:17:20 Stimulus Protocol: C:\Users\Public\Documents\WinWCP\Vprot\test.xml
11:17:20 New data file: C:\Users\cecs06\Documents\WinWCP Data\130910_007.wcp created.
11:17:26 Stopped (3 records)
11:48:06 WinWCP Started
11:48:12 Recording Started 
11:48:12 Stimulus Protocol: C:\Users\Public\Documents\WinWCP\Vprot\test.xml
11:48:12 New data file: C:\Users\cecs06\Documents\WinWCP Data\130910_008.wcp created.
11:48:18 Stopped (3 records)
11:50:21 WinWCP Started
11:51:04 Recording Started 
11:51:04 Stimulus Protocol: C:\Users\Public\Documents\WinWCP\Vprot\test.xml
11:51:04 New data file: C:\Users\cecs06\Documents\WinWCP Data\130910_009.wcp created.
11:51:07 Stopped (2 records)
11:52:37 WinWCP Started
11:52:40 Recording Started 
11:52:40 Stimulus Protocol: C:\Users\Public\Documents\WinWCP\Vprot\test.xml
11:52:40 New data file: C:\Users\cecs06\Documents\WinWCP Data\130910_010.wcp created.
11:52:58 Stopped (8 records)
11:53:11 Recording Started 
11:53:11 New data file: C:\Users\cecs06\Documents\WinWCP Data\130910_010.1.wcp created.
11:53:12 Stopped (1 records)
11:53:29 Recording Started 
11:53:29 Stopped (2 records)
11:53:32 Recording Started 
11:53:32 Stopped (3 records)
11:54:59 WinWCP Started
11:55:04 Recording Started 
11:55:04 New data file: C:\Users\cecs06\Documents\WinWCP Data\130910_011.wcp created.
11:55:04 Stopped (1 records)
11:55:12 Recording Started 
11:55:12 Stimulus Protocol: C:\Users\Public\Documents\WinWCP\Vprot\test.xml
11:55:12 New data file: C:\Users\cecs06\Documents\WinWCP Data\130910_011.1.wcp created.
11:55:15 Stopped (2 records)
11:55:31 Recording Started 
11:55:31 Stimulus Protocol: C:\Users\Public\Documents\WinWCP\Vprot\test.xml
11:55:51 Stopped (12 records)
11:58:10 WinWCP Started
11:58:31 Recording Started 
11:58:31 Stimulus Protocol: C:\Users\Public\Documents\WinWCP\Vprot\test.xml
11:58:31 New data file: C:\Users\cecs06\Documents\WinWCP Data\130910_012.wcp created.
11:58:43 Stopped (5 records)
11:59:33 WinWCP Started
12:53:12 WinWCP Started
12:53:46 WinWCP Started
12:57:51 WinWCP Started
13:00:01 WinWCP Started
13:00:26 WinWCP Started
14:08:47 WinWCP Started
14:12:54 WinWCP Started
15:11:40 WinWCP Started
15:12:19 Recording Started 
15:12:19 Stimulus Protocol: C:\Users\Public\Documents\WinWCP\Vprot\test.xml
15:12:19 New data file: C:\Users\cecs06\Documents\WinWCP Data\130910_013.wcp created.
15:12:28 Stopped (10 records)
15:14:35 WinWCP Started
15:14:38 Recording Started 
15:14:38 Stimulus Protocol: C:\Users\Public\Documents\WinWCP\Vprot\test.xml
15:14:38 New data file: C:\Users\cecs06\Documents\WinWCP Data\130910_014.wcp created.
15:14:43 Stopped (5 records)
15:15:19 Recording Started 
15:15:19 Stimulus Protocol: C:\Users\Public\Documents\WinWCP\Vprot\test.xml
15:15:28 Stopped (15 records)
15:16:10 Recording Started 
15:16:10 Stimulus Protocol: C:\Users\Public\Documents\WinWCP\Vprot\test.xml
15:16:20 Stopped (25 records)
15:16:40 Recording Started 
15:16:40 Stimulus Protocol: C:\Users\Public\Documents\WinWCP\Vprot\test.xml
15:16:49 Stopped (35 records)
15:16:58 Recording Started 
15:16:58 Stimulus Protocol: C:\Users\Public\Documents\WinWCP\Vprot\test.xml
15:17:07 Stopped (45 records)
15:17:33 Recording Started 
15:17:33 Stimulus Protocol: C:\Users\Public\Documents\WinWCP\Vprot\test.xml
15:17:35 Stopped (47 records)
15:17:40 Recording Started 
15:17:40 Stimulus Protocol: C:\Users\Public\Documents\WinWCP\Vprot\VSteps 10-100mV 100ms.xml
15:17:40 New data file: C:\Users\cecs06\Documents\WinWCP Data\130910_014.1.wcp created.
15:17:49 Stopped (10 records)
15:18:00 Recording Started 
15:18:00 Stimulus Protocol: C:\Users\Public\Documents\WinWCP\Vprot\VSteps 10-100mV 100ms.xml
15:18:09 Stopped (19 records)
15:18:20 Recording Started 
15:18:20 Stimulus Protocol: C:\Users\Public\Documents\WinWCP\Vprot\Ramp -100..100mV 1s.xml
15:18:20 New data file: C:\Users\cecs06\Documents\WinWCP Data\130910_014.2.wcp created.
15:18:21 Stopped (1 records)
15:18:22 Recording Started 
15:18:22 Stimulus Protocol: C:\Users\Public\Documents\WinWCP\Vprot\Ramp -100..100mV 1s.xml
15:18:24 Stopped (2 records)
15:18:25 Recording Started 
15:18:25 Stimulus Protocol: C:\Users\Public\Documents\WinWCP\Vprot\Ramp -100..100mV 1s.xml
15:18:26 Stopped (3 records)
15:19:08 WinWCP Started
15:19:17 Recording Started 
15:19:17 Stimulus Protocol: C:\Users\Public\Documents\WinWCP\Vprot\Ramp -100..100mV 1s.xml
15:19:17 New data file: C:\Users\cecs06\Documents\WinWCP Data\130910_015.wcp created.
15:19:20 Stopped (1 records)
15:19:33 Recording Started 
15:19:34 Stimulus Protocol: C:\Users\Public\Documents\WinWCP\Vprot\test.xml
15:19:34 New data file: C:\Users\cecs06\Documents\WinWCP Data\130910_015.1.wcp created.
15:19:42 Stopped (4 records)
15:19:53 WinWCP Started
15:19:58 Recording Started 
15:19:58 Stimulus Protocol: C:\Users\Public\Documents\WinWCP\Vprot\test.xml
15:19:58 New data file: C:\Users\cecs06\Documents\WinWCP Data\130910_016.wcp created.
15:20:04 Stopped (3 records)
15:20:37 WinWCP Started
15:20:40 Recording Started 
15:20:40 Stimulus Protocol: C:\Users\Public\Documents\WinWCP\Vprot\test.xml
15:20:40 New data file: C:\Users\cecs06\Documents\WinWCP Data\130910_017.wcp created.
15:20:43 Stopped (3 records)
15:20:56 WinWCP Started
15:21:10 Recording Started 
15:21:10 Stimulus Protocol: C:\Users\Public\Documents\WinWCP\Vprot\test.xml
15:21:10 New data file: C:\Users\cecs06\Documents\WinWCP Data\130910_018.wcp created.
15:21:18 Stopped (8 records)
15:21:25 Recording Started 
15:21:25 Stimulus Protocol: C:\Users\Public\Documents\WinWCP\Vprot\test.xml
15:21:34 Stopped (18 records)
15:22:35 WinWCP Started
15:22:39 Recording Started 
15:22:39 Stimulus Protocol: C:\Users\Public\Documents\WinWCP\Vprot\test.xml
15:22:39 New data file: C:\Users\cecs06\Documents\WinWCP Data\130910_019.wcp created.
15:22:42 Stopped (3 records)
15:24:24 WinWCP Started
15:24:30 Recording Started 
15:24:30 Stimulus Protocol: C:\Users\Public\Documents\WinWCP\Vprot\test.xml
15:24:30 New data file: C:\Users\cecs06\Documents\WinWCP Data\130910_020.wcp created.
15:24:39 Stopped (10 records)
15:25:16 WinWCP Started
15:25:34 Recording Started 
15:25:34 Stimulus Protocol: C:\Users\Public\Documents\WinWCP\Vprot\test.xml
15:25:34 New data file: C:\Users\cecs06\Documents\WinWCP Data\130910_021.wcp created.
15:25:40 Stopped (6 records)
15:27:13 WinWCP Started
15:30:18 WinWCP Started
15:30:51 WinWCP Started
15:31:02 Recording Started 
15:31:02 Stimulus Protocol: C:\Users\Public\Documents\WinWCP\Vprot\test.xml
15:31:02 New data file: C:\Users\cecs06\Documents\WinWCP Data\130910_022.wcp created.
15:31:11 Stopped (10 records)
15:31:27 Recording Started 
15:31:27 Stimulus Protocol: C:\Users\Public\Documents\WinWCP\Vprot\test.xml
15:31:30 Stopped (14 records)
15:31:48 WinWCP Started
15:31:58 Recording Started 
15:31:58 Stimulus Protocol: C:\Users\Public\Documents\WinWCP\Vprot\test.xml
15:31:58 New data file: C:\Users\cecs06\Documents\WinWCP Data\130910_023.wcp created.
15:32:04 Stopped (2 records)
15:32:26 WinWCP Started
15:34:01 WinWCP Started
15:34:10 Recording Started 
15:34:10 Stimulus Protocol: C:\Users\Public\Documents\WinWCP\Vprot\test.xml
15:34:10 New data file: C:\Users\cecs06\Documents\WinWCP Data\130910_024.wcp created.
15:34:14 Stopped (2 records)
15:34:23 WinWCP Started
15:34:27 Recording Started 
15:34:27 Stimulus Protocol: C:\Users\Public\Documents\WinWCP\Vprot\test.xml
15:34:27 New data file: C:\Users\cecs06\Documents\WinWCP Data\130910_025.wcp created.
15:34:31 Stopped (3 records)
15:37:16 WinWCP Started
15:37:32 Recording Started 
15:37:32 Stimulus Protocol: C:\Users\Public\Documents\WinWCP\Vprot\test.xml
15:37:32 New data file: C:\Users\cecs06\Documents\WinWCP Data\130910_026.wcp created.
15:37:48 Stopped (7 records)
15:39:01 WinWCP Started
15:40:38 WinWCP Started
15:40:57 Recording Started 
15:40:57 Stimulus Protocol: C:\Users\Public\Documents\WinWCP\Vprot\test.xml
15:40:57 New data file: C:\Users\cecs06\Documents\WinWCP Data\130910_027.wcp created.
15:41:01 Stopped (4 records)
15:42:42 WinWCP Started
15:42:55 Recording Started 
15:42:55 Stimulus Protocol: C:\Users\Public\Documents\WinWCP\Vprot\Ramp -100..100mV 1s.xml
15:42:55 New data file: C:\Users\cecs06\Documents\WinWCP Data\130910_028.wcp created.
15:42:57 Stopped (1 records)
15:43:03 Recording Started 
15:43:03 Stimulus Protocol: C:\Users\Public\Documents\WinWCP\Vprot\test.xml
15:43:03 New data file: C:\Users\cecs06\Documents\WinWCP Data\130910_028.1.wcp created.
15:43:08 Stopped (2 records)
15:43:36 WinWCP Started
15:43:45 Recording Started 
15:43:45 Stimulus Protocol: C:\Users\Public\Documents\WinWCP\Vprot\test.xml
15:43:45 New data file: C:\Users\cecs06\Documents\WinWCP Data\130910_029.wcp created.
15:44:01 Stopped (8 records)
15:44:18 WinWCP Started
15:44:49 WinWCP Started
15:45:58 WinWCP Started
15:46:17 Recording Started 
15:46:17 Stimulus Protocol: C:\Users\Public\Documents\WinWCP\Vprot\test.xml
15:46:17 New data file: C:\Users\cecs06\Documents\WinWCP Data\130910_030.wcp created.
15:46:27 Stopped (10 records)
15:47:18 WinWCP Started
15:47:34 Recording Started 
15:47:34 Stimulus Protocol: C:\Users\Public\Documents\WinWCP\Vprot\test.xml
15:47:34 New data file: C:\Users\cecs06\Documents\WinWCP Data\130910_031.wcp created.
15:47:38 Stopped (3 records)
15:47:56 WinWCP Started
15:52:18 WinWCP Started
15:52:35 WinWCP Started
15:52:51 Recording Started 
15:52:51 Stimulus Protocol: C:\Users\Public\Documents\WinWCP\Vprot\test.xml
15:52:51 New data file: C:\Users\cecs06\Documents\WinWCP Data\130910_032.wcp created.
15:53:01 Stopped (10 records)
15:53:15 WinWCP Started
15:53:32 Recording Started 
15:53:32 Stimulus Protocol: C:\Users\Public\Documents\WinWCP\Vprot\test.xml
15:53:32 New data file: C:\Users\cecs06\Documents\WinWCP Data\130910_033.wcp created.
15:53:40 Stopped (7 records)
15:55:29 WinWCP Started
15:56:10 WinWCP Started
15:56:20 Recording Started 
15:56:20 Stimulus Protocol: C:\Users\Public\Documents\WinWCP\Vprot\test.xml
15:56:20 New data file: C:\Users\cecs06\Documents\WinWCP Data\130910_034.wcp created.
15:56:23 Stopped (3 records)
16:10:07 WinWCP Started
16:10:40 Recording Started 
16:10:40 Stimulus Protocol: C:\Users\Public\Documents\WinWCP\Vprot\test.xml
16:10:41 New data file: C:\Users\cecs06\Documents\WinWCP Data\130910_035.wcp created.
16:10:50 Stopped (10 records)
