09:22:42 WinWCP Started
09:23:36 Recording Started 
09:23:39 Stimulus Protocol: C:\Users\Public\Documents\WinWCP\Vprot\test.xml
09:23:45 New data file: C:\Users\cecs06\Documents\WinWCP Data\130911_001.wcp created.
09:23:53 Stopped (8 records)
09:23:54 Recording Started 
09:23:55 Stimulus Protocol: C:\Users\Public\Documents\WinWCP\Vprot\test.xml
09:24:00 Stopped (11 records)
09:24:09 Recording Started 
09:24:10 Stimulus Protocol: C:\Users\Public\Documents\WinWCP\Vprot\test.xml
09:24:15 Stopped (16 records)
09:26:19 WinWCP Started
09:26:49 Recording Started 
09:26:49 Stimulus Protocol: C:\Users\Public\Documents\WinWCP\Vprot\test.xml
09:26:50 New data file: C:\Users\cecs06\Documents\WinWCP Data\130911_002.wcp created.
09:26:59 Stopped (10 records)
09:27:02 Recording Started 
09:27:02 Stimulus Protocol: C:\Users\Public\Documents\WinWCP\Vprot\test.xml
09:27:12 Stopped (20 records)
09:28:28 Recording Started 
09:28:28 Stimulus Protocol: C:\Users\Public\Documents\WinWCP\Vprot\test.xml
09:28:28 New data file: C:\Users\cecs06\Documents\WinWCP Data\130911_002.1.wcp created.
09:28:48 Stopped (10 records)
09:29:25 Recording Started 
09:29:25 Stimulus Protocol: C:\Users\Public\Documents\WinWCP\Vprot\test.xml
09:29:45 Stopped (20 records)
09:30:07 Recording Started 
09:30:07 Stimulus Protocol: C:\Users\Public\Documents\WinWCP\Vprot\test.xml
09:30:26 Stopped (30 records)
09:30:50 Recording Started 
09:30:50 Stimulus Protocol: C:\Users\Public\Documents\WinWCP\Vprot\test.xml
09:31:10 Stopped (40 records)
09:31:23 Recording Started 
09:31:23 Stimulus Protocol: C:\Users\Public\Documents\WinWCP\Vprot\test.xml
09:31:43 Stopped (50 records)
09:31:53 Recording Started 
09:31:53 Stimulus Protocol: C:\Users\Public\Documents\WinWCP\Vprot\test.xml
09:32:05 Stopped (54 records)
09:32:14 Recording Started 
09:32:14 Stimulus Protocol: C:\Users\Public\Documents\WinWCP\Vprot\test.xml
09:32:34 Stopped (64 records)
09:32:55 WinWCP Started
09:33:01 Recording Started 
09:33:01 Stimulus Protocol: C:\Users\Public\Documents\WinWCP\Vprot\test.xml
09:33:01 New data file: C:\Users\cecs06\Documents\WinWCP Data\130911_003.wcp created.
09:33:21 Stopped (10 records)
09:34:25 Recording Started 
09:34:25 Stimulus Protocol: C:\Users\Public\Documents\WinWCP\Vprot\test.xml
09:34:25 New data file: C:\Users\cecs06\Documents\WinWCP Data\130911_003.1.wcp created.
09:34:58 Stopped (10 records)
09:35:20 WinWCP Started
09:35:30 Recording Started 
09:35:30 Stimulus Protocol: C:\Users\Public\Documents\WinWCP\Vprot\test.xml
09:35:30 New data file: C:\Users\cecs06\Documents\WinWCP Data\130911_004.wcp created.
09:36:03 Stopped (10 records)
09:36:17 Recording Started 
09:36:17 Stimulus Protocol: C:\Users\Public\Documents\WinWCP\Vprot\test.xml
09:36:57 Stopped (20 records)
09:37:22 Recording Started 
09:37:22 Stimulus Protocol: C:\Users\Public\Documents\WinWCP\Vprot\test.xml
09:38:01 Stopped (30 records)
09:38:37 Recording Started 
09:38:37 Stimulus Protocol: C:\Users\Public\Documents\WinWCP\Vprot\test.xml
09:39:27 Stopped (40 records)
09:39:30 Recording Started 
09:39:30 Stimulus Protocol: C:\Users\Public\Documents\WinWCP\Vprot\test.xml
09:40:20 Stopped (50 records)
09:40:36 Recording Started 
09:40:36 Stimulus Protocol: C:\Users\Public\Documents\WinWCP\Vprot\test.xml
09:40:41 Stopped (51 records)
09:40:57 Recording Started 
09:40:57 Stimulus Protocol: C:\Users\Public\Documents\WinWCP\Vprot\test.xml
09:41:47 Stopped (61 records)
09:45:35 WinWCP Started
09:45:46 Recording Started 
09:45:46 Stimulus Protocol: C:\Users\Public\Documents\WinWCP\Vprot\test.xml
09:45:46 New data file: C:\Users\cecs06\Documents\WinWCP Data\130911_005.wcp created.
09:45:51 Stopped (1 records)
09:46:22 Recording Started 
09:46:22 Stimulus Protocol: C:\Users\Public\Documents\WinWCP\Vprot\test.xml
09:46:23 New data file: C:\Users\cecs06\Documents\WinWCP Data\130911_005.1.wcp created.
09:46:45 Stopped (1 records)
09:47:16 Recording Started 
09:47:17 Stimulus Protocol: C:\Users\Public\Documents\WinWCP\Vprot\test.xml
09:47:17 New data file: C:\Users\cecs06\Documents\WinWCP Data\130911_005.2.wcp created.
09:49:40 Stopped (3 records)
09:49:58 Recording Started 
09:49:58 Stimulus Protocol: C:\Users\Public\Documents\WinWCP\Vprot\test.xml
09:50:19 Stopped (4 records)
09:50:34 Recording Started 
09:50:34 Stimulus Protocol: C:\Users\Public\Documents\WinWCP\Vprot\test.xml
09:50:44 Stopped (5 records)
09:51:27 Recording Started 
09:51:27 Stimulus Protocol: C:\Users\Public\Documents\WinWCP\Vprot\test.xml
09:51:51 Stopped (6 records)
09:52:22 Recording Started 
09:52:22 Stimulus Protocol: C:\Users\Public\Documents\WinWCP\Vprot\test.xml
09:52:22 New data file: C:\Users\cecs06\Documents\WinWCP Data\130911_005.3.wcp created.
09:52:32 Stopped (10 records)
09:52:55 Recording Started 
09:52:55 Stimulus Protocol: C:\Users\Public\Documents\WinWCP\Vprot\test.xml
09:53:04 Stopped (20 records)
09:53:19 Recording Started 
09:53:19 Stimulus Protocol: C:\Users\Public\Documents\WinWCP\Vprot\test.xml
09:53:22 Stopped (30 records)
09:56:27 WinWCP Started
09:57:08 Recording Started 
09:57:08 Stimulus Protocol: C:\Users\Public\Documents\WinWCP\Vprot\test.xml
09:57:08 New data file: C:\Users\cecs06\Documents\WinWCP Data\130911_006.wcp created.
09:57:11 Stopped (10 records)
09:57:50 Recording Started 
09:57:50 Stimulus Protocol: C:\Users\Public\Documents\WinWCP\Vprot\test.xml
09:57:50 New data file: C:\Users\cecs06\Documents\WinWCP Data\130911_006.1.wcp created.
09:58:08 Stopped (1 records)
09:58:24 Recording Started 
09:58:24 Stimulus Protocol: C:\Users\Public\Documents\WinWCP\Vprot\test.xml
09:58:29 Stopped (2 records)
09:58:47 Recording Started 
09:58:47 Stimulus Protocol: C:\Users\Public\Documents\WinWCP\Vprot\test.xml
09:59:03 Stopped (3 records)
09:59:19 Recording Started 
09:59:19 Stimulus Protocol: C:\Users\Public\Documents\WinWCP\Vprot\test.xml
10:00:16 Stopped (6 records)
10:02:19 WinWCP Started
10:02:23 Recording Started 
10:02:23 Stimulus Protocol: C:\Users\Public\Documents\WinWCP\Vprot\test.xml
10:02:23 New data file: C:\Users\cecs06\Documents\WinWCP Data\130911_007.wcp created.
10:05:41 Stopped (10 records)
17:48:14 WinWCP Started
17:48:48 WinWCP Started
17:50:04 WinWCP Started
17:50:25 Recording Started 
17:50:26 Stimulus Protocol: C:\Users\Public\Documents\WinWCP\Vprot\test.xml
17:50:26 New data file: C:\Users\cecs06\Documents\WinWCP Data\130911_008.wcp created.
17:50:30 Stopped (1 records)
17:50:45 Recording Started 
17:50:45 Stimulus Protocol: C:\Users\Public\Documents\WinWCP\Vprot\test.xml
17:50:57 Stopped (2 records)
17:52:14 WinWCP Started
17:52:33 Recording Started 
17:52:33 Stimulus Protocol: C:\Users\Public\Documents\WinWCP\Vprot\test.xml
17:52:33 New data file: C:\Users\cecs06\Documents\WinWCP Data\130911_009.wcp created.
17:52:43 Stopped (1 records)
17:52:44 Recording Started 
17:52:44 Stimulus Protocol: C:\Users\Public\Documents\WinWCP\Vprot\test.xml
17:52:51 Stopped (2 records)
17:52:53 Recording Started 
17:52:53 Stimulus Protocol: C:\Users\Public\Documents\WinWCP\Vprot\test.xml
17:53:12 Stopped (3 records)
17:53:13 Recording Started 
17:53:13 Stimulus Protocol: C:\Users\Public\Documents\WinWCP\Vprot\test.xml
17:53:17 Stopped (4 records)
17:53:31 Recording Started 
17:53:31 Stimulus Protocol: C:\Users\Public\Documents\WinWCP\Vprot\test.xml
17:54:09 Stopped (7 records)
17:54:28 Recording Started 
17:54:28 Stimulus Protocol: C:\Users\Public\Documents\WinWCP\Vprot\test.xml
17:54:29 New data file: C:\Users\cecs06\Documents\WinWCP Data\130911_009.1.wcp created.
17:54:34 Stopped (3 records)
17:54:55 Recording Started 
17:54:55 Stimulus Protocol: C:\Users\Public\Documents\WinWCP\Vprot\test.xml
17:55:10 Stopped (11 records)
18:20:57 Recording Started 
18:20:57 Stimulus Protocol: C:\Users\Public\Documents\WinWCP\Vprot\test.xml
18:21:09 Stopped (17 records)
18:35:08 WinWCP Started
18:35:20 Recording Started 
18:35:20 Stimulus Protocol: C:\Users\Public\Documents\WinWCP\Vprot\test.xml
18:35:20 New data file: C:\Users\cecs06\Documents\WinWCP Data\130911_010.wcp created.
18:35:30 Stopped (5 records)
