11:39:00 WinWCP Started
11:41:22 WinWCP Started
11:51:10 WinWCP Started
12:01:59 WinWCP Started
12:03:17 WinWCP Started
12:04:55 WinWCP Started
12:10:42 WinWCP Started
12:14:57 WinWCP Started
12:24:02 WinWCP Started
12:27:36 WinWCP Started
12:28:54 WinWCP Started
12:29:18 WinWCP Started
12:29:33 WinWCP Started
12:29:47 WinWCP Started
12:39:38 WinWCP Started
12:40:35 WinWCP Started
12:48:13 Recording Started 
12:48:13 Stimulus Protocol: C:\Users\Public\Documents\WinWCP\Vprot\test.xml
12:48:13 New data file: C:\Users\cecs06\Documents\WinWCP Data\130912_001.wcp created.
12:48:27 Stopped (10 records)
12:48:30 Recording Started 
12:48:30 Stimulus Protocol: C:\Users\Public\Documents\WinWCP\Vprot\Vpulse AO1.xml
12:48:30 New data file: C:\Users\cecs06\Documents\WinWCP Data\130912_001.1.wcp created.
12:48:33 Stopped (10 records)
12:51:00 Recording Started 
12:51:00 Stimulus Protocol: C:\Users\Public\Documents\WinWCP\Vprot\Vpulse AO1.xml
12:51:03 Stopped (20 records)
12:52:17 Recording Started 
12:52:17 Stimulus Protocol: C:\Users\Public\Documents\WinWCP\Vprot\Vpulse AO0&1.xml
12:52:21 Stopped (30 records)
12:52:46 Recording Started 
12:52:47 Stimulus Protocol: C:\Users\Public\Documents\WinWCP\Vprot\Vpulse AO0&1.xml
12:52:47 New data file: C:\Users\cecs06\Documents\WinWCP Data\130912_001.2.wcp created.
12:52:50 Stopped (10 records)
12:52:55 Recording Started 
12:52:55 Stimulus Protocol: C:\Users\Public\Documents\WinWCP\Vprot\Vpulse AO0&1.xml
12:52:58 Stopped (20 records)
12:56:01 Recording Started 
12:56:01 Stimulus Protocol: C:\Users\Public\Documents\WinWCP\Vprot\Vpulse AO0&1.xml
12:56:01 New data file: C:\Users\cecs06\Documents\WinWCP Data\130912_001.3.wcp created.
12:56:04 Stopped (10 records)
12:58:05 WinWCP Started
