08:39:39 WinWCP Started
08:39:56 WinWCP Started
08:52:01 WinWCP Started
09:09:07 WinWCP Started
09:13:16 WinWCP Started
09:14:16 WinWCP Started
09:27:23 WinWCP Started
09:57:32 WinWCP Started
10:30:16 WinWCP Started
10:56:44 WinWCP Started
11:01:04 WinWCP Started
11:13:34 WinWCP Started
11:18:19 WinWCP Started
11:19:43 WinWCP Started
11:22:00 WinWCP Started
11:33:06 WinWCP Started
11:35:54 WinWCP Started
11:41:04 WinWCP Started
11:41:40 WinWCP Started
11:46:47 WinWCP Started
11:50:08 WinWCP Started
11:52:21 WinWCP Started
13:01:04 WinWCP Started
13:15:48 WinWCP Started
13:32:44 WinWCP Started
13:43:06 WinWCP Started
14:02:25 WinWCP Started
14:02:47 WinWCP Started
14:04:38 WinWCP Started
14:07:08 WinWCP Started
14:07:28 WinWCP Started
14:08:55 WinWCP Started
14:09:16 WinWCP Started
14:09:55 WinWCP Started
14:10:20 WinWCP Started
14:11:24 WinWCP Started
14:12:33 WinWCP Started
14:12:51 WinWCP Started
14:17:49 WinWCP Started
14:21:17 WinWCP Started
14:43:57 WinWCP Started
14:53:40 WinWCP Started
15:00:34 WinWCP Started
15:08:32 WinWCP Started
15:19:12 WinWCP Started
15:20:35 WinWCP Started
15:26:35 WinWCP Started
15:29:26 WinWCP Started
15:31:03 WinWCP Started
15:52:44 WinWCP Started
15:54:05 WinWCP Started
15:56:32 WinWCP Started
15:59:13 WinWCP Started
16:00:09 WinWCP Started
16:14:24 WinWCP Started
16:14:37 WinWCP Started
16:19:26 WinWCP Started
16:20:53 WinWCP Started
16:22:28 WinWCP Started
16:22:57 WinWCP Started
16:29:54 WinWCP Started
16:30:14 WinWCP Started
16:30:33 WinWCP Started
16:31:46 WinWCP Started
16:31:58 WinWCP Started
16:32:31 WinWCP Started
16:33:18 WinWCP Started
16:34:21 WinWCP Started
16:34:39 Recording Started 
16:34:40 Stimulus Protocol: C:\Users\Public\Documents\WinWCP\Vprot\test.xml
16:34:40 New data file: C:\Users\cecs06\Documents\WinWCP Data\130919_001.wcp created.
16:34:40 New data file: C:\Users\cecs06\Documents\WinWCP Data\130919_001.test.1.wcp created.
16:34:49 Stimulus Protocol: C:\Users\Public\Documents\WinWCP\Vprot\test.xml
16:34:49 New data file: C:\Users\cecs06\Documents\WinWCP Data\130919_001.test.2.wcp created.
16:34:59 Stimulus Protocol: C:\Users\Public\Documents\WinWCP\Vprot\test.xml
16:35:00 New data file: C:\Users\cecs06\Documents\WinWCP Data\130919_001.test.3.16:47:52 WinWCP Started
16:48:16 WinWCP Started
16:49:14 Recording Started 
16:49:15 Stimulus Protocol: C:\Users\Public\Documents\WinWCP\Vprot\test.xml
16:49:15 New data file: C:\Users\cecs06\Documents\WinWCP Data\130919_001.wcp created.
16:49:15 New data file: C:\Users\cecs06\Documents\WinWCP Data\130919_001.test.4.wcp created.
16:49:18 Stopped (3 records)
16:49:30 WinWCP Started
16:50:03 WinWCP Started
16:53:47 WinWCP Started
16:54:07 WinWCP Started
16:55:16 WinWCP Started
