15:24:21 WinWCP Started
15:24:52 WinWCP Started
15:25:12 Recording Started 
15:25:12 Stimulus Protocol: C:\Users\Public\Documents\WinWCP\Vprot\test.xml
15:25:12 New data file: C:\Users\cecs06\Documents\WinWCP Data\130923_001.wcp created.
15:25:12 New data file: C:\Users\cecs06\Documents\WinWCP Data\130923_001.test.1.wcp created.
15:25:22 Stimulus Protocol: C:\Users\Public\Documents\WinWCP\Vprot\test.xml
15:25:22 New data file: C:\Users\cecs06\Documents\WinWCP Data\130923_001.test.2.wcp created.
15:25:22 Stopped (0 records)
15:42:49 WinWCP Started
15:43:11 New data file: C:\Users\cecs06\Documents\WinWCP Data\130923_001.wcp created.
15:43:23 Recording Started 
15:43:24 Stimulus Protocol: C:\Users\Public\Documents\WinWCP\Vprot\VSteps 10-100mV 100ms.xml
15:43:24 New data file: C:\Users\cecs06\Documents\WinWCP Data\130923_001.VSteps 10-100mV 100ms.1.wcp created.
15:43:34 Stopped (10 records)
15:44:04 New data file: C:\Users\cecs06\Documents\WinWCP Data\130923_001.wcp created.
15:44:10 Recording Started 
15:44:11 Stimulus Protocol: C:\Users\Public\Documents\WinWCP\Vprot\VSteps 10-100mV 100ms.xml
15:44:11 New data file: C:\Users\cecs06\Documents\WinWCP Data\130923_001.VSteps 10-100mV 100ms.2.wcp created.
15:44:20 Stopped (10 records)
15:46:00 WinWCP Started
15:46:55 WinWCP Started
15:47:15 Recording Started 
15:47:15 Stimulus Protocol: C:\Users\Public\Documents\WinWCP\Vprot\VSteps 10-100mV 100ms.xml
15:47:38 New data file: C:\Users\cecs06\Documents\WinWCP Data\130923_001.wcp created.
15:47:42 New data file: C:\Users\cecs06\Documents\WinWCP Data\130923_001.VSteps 10-100mV 100ms.3.wcp created.
15:48:14 Stopped (10 records)
15:49:04 New data file: C:\Users\cecs06\Documents\WinWCP Data\130923_001.wcp created.
15:49:08 Recording Started 
15:49:08 Stimulus Protocol: C:\Users\Public\Documents\WinWCP\Vprot\VSteps 10-100mV 100ms.xml
15:49:08 New data file: C:\Users\cecs06\Documents\WinWCP Data\130923_001.VSteps 10-100mV 100ms.4.wcp created.
15:49:12 Stopped (4 records)
15:49:32 New data file: C:\Users\cecs06\Documents\WinWCP Data\130923_001.wcp created.
15:49:40 Recording Started 
15:49:40 Stimulus Protocol: C:\Users\Public\Documents\WinWCP\Vprot\VSteps 10-100mV 100ms.xml
15:49:41 New data file: C:\Users\cecs06\Documents\WinWCP Data\130923_001.VSteps 10-100mV 100ms.5.wcp created.
15:49:44 Stopped (3 records)
15:50:40 New data file: C:\Users\cecs06\Documents\WinWCP Data\130923_001.wcp created.
15:50:58 Recording Started 
15:50:58 Stimulus Protocol: C:\Users\Public\Documents\WinWCP\Vprot\VSteps 10-100mV 100ms.xml
15:50:58 New data file: C:\Users\cecs06\Documents\WinWCP Data\130923_001.VSteps 10-100mV 100ms.6.wcp created.
15:51:08 Stopped (10 records)
15:51:13 New data file: C:\Users\cecs06\Documents\WinWCP Data\130923_001.wcp created.
15:51:19 Recording Started 
15:51:20 Stimulus Protocol: C:\Users\Public\Documents\WinWCP\Vprot\VSteps 10-100mV 100ms.xml
15:51:23 Stopped (4 records)
15:55:13 WinWCP Started
