13:01:42 WinWCP Started
13:19:50 WinWCP Started
15:20:13 WinWCP Started
15:20:21 Recording Started 
15:20:21 New data file: C:\Users\cecs06\Documents\WinWCP Data\130826_002.wcp created.
15:20:27 Stopped (5 records)
15:20:28 Recording Started 
15:20:34 Stopped (10 records)
15:20:42 Recording Started 
15:20:42 New data file: C:\Users\cecs06\Documents\WinWCP Data\130826_002.1.wcp created.
15:20:48 Stopped (5 records)
15:21:25 Recording Started 
15:22:27 Stopped (10 records)
15:22:35 Recording Started 
15:23:26 New data file: C:\Users\cecs06\Documents\WinWCP Data\130826_002.2.wcp created.
15:23:43 Stopped (5 records)
15:23:50 Recording Started 
15:24:40 New data file: 15:28:12 WinWCP Started
15:28:23 Recording Started 
15:28:23 Stimulus Protocol: C:\Users\Public\Documents\WinWCP\Vprot\VSteps 10-100mV 100ms.xml
15:28:23 New data file: C:\Users\cecs06\Documents\WinWCP Data\130826_003.wcp created.
15:28:33 Stopped (10 records)
15:28:34 Recording Started 
15:28:34 Stimulus Protocol: C:\Users\Public\Documents\WinWCP\Vprot\VSteps 10-100mV 100ms.xml
15:28:44 Stopped (20 records)
15:28:47 Recording Started 
15:28:47 Stimulus Protocol: C:\Users\Public\Documents\WinWCP\Vprot\VSteps 10-100mV 100ms.xml
15:28:47 New data file: C:\Users\cecs06\Documents\WinWCP Data\130826_003.VSteps 10-100mV 100ms.1.wcp created.
15:28:56 Stopped (10 records)
15:28:58 Recording Started 
15:28:58 Stimulus Protocol: C:\Users\Public\Documents\WinWCP\Vprot\VSteps 10-100mV 100ms.xml
15:28:58 New data file: C:\Users\cecs06\Documents\WinWCP Data\130826_003.VSteps 10-100mV 100ms.2.wcp created.
15:29:07 Stopped (10 records)
15:29:42 WinWCP Started
15:29:46 Recording Started 
15:29:46 Stimulus Protocol: C:\Users\Public\Documents\WinWCP\Vprot\VSteps 10-100mV 100ms.xml
15:29:46 New data file: C:\Users\cecs06\Documents\WinWCP Data\130826_004.wcp created.
15:29:46 New data file: C:\Users\cecs06\Documents\WinWCP Data\130826_004.VSteps 10-100mV 100ms.1.wcp created.
15:29:48 Stopped (2 records)
15:29:49 Recording Started 
15:29:50 Stimulus Protocol: C:\Users\Public\Documents\WinWCP\Vprot\VSteps 10-100mV 100ms.xml
15:29:59 Stopped (12 records)
15:30:00 Recording Started 
15:30:00 Stimulus Protocol: C:\Users\Public\Documents\WinWCP\Vprot\VSteps 10-100mV 100ms.xml
15:30:10 Stopped (22 records)
15:35:31 WinWCP Started
16:04:53 WinWCP Started
16:05:00 New data file: C:\Users\cecs06\Documents\WinWCP Data\130826_005.wcp created.
16:05:02 Recording Started 
16:05:03 Stimulus Protocol: C:\Users\Public\Documents\WinWCP\Vprot\VSteps 10-100mV 100ms.xml
16:05:12 Stopped (10 records)
16:06:01 Recording Started 
16:06:01 Stimulus Protocol: C:\Users\Public\Documents\WinWCP\Vprot\VSteps 10-100mV 100ms.xml
16:06:01 New data file: C:\Users\cecs06\Documents\WinWCP Data\130826_005.1.wcp created.
16:06:11 Stopped (10 records)
16:06:17 Recording Started 
16:06:17 Stimulus Protocol: C:\Users\Public\Documents\WinWCP\Vprot\VSteps 10-100mV 100ms.xml
16:06:27 Stopped (20 records)
16:06:33 Recording Started 
16:06:33 Stimulus Protocol: C:\Users\Public\Documents\WinWCP\Vprot\VSteps 10-100mV 100ms.xml
16:06:42 Stopped (30 records)
16:06:49 Recording Started 
16:06:49 Stimulus Protocol: C:\Users\Public\Documents\WinWCP\Vprot\VSteps 10-100mV 100ms.xml
16:06:59 Stopped (40 records)
16:07:26 New data file: C:\Users\cecs06\Documents\WinWCP Data\130826_006.wcp created.
16:07:30 Recording Started 
16:07:30 Stimulus Protocol: C:\Users\Public\Documents\WinWCP\Vprot\VSteps 10-100mV 100ms.xml
16:07:39 Stopped (10 records)
16:07:46 Recording Started 
16:07:46 Stimulus Protocol: C:\Users\Public\Documents\WinWCP\Vprot\VSteps 10-100mV 100ms.xml
16:07:56 Stopped (20 records)
16:08:32 Recording Started 
16:08:33 Stimulus Protocol: C:\Users\Public\Documents\WinWCP\Vprot\VSteps 10-100mV 100ms.xml
16:08:33 New data file: C:\Users\cecs06\Documents\WinWCP Data\130826_006.1.wcp created.
16:08:42 Stopped (10 records)
16:08:48 Recording Started 
16:08:48 Stimulus Protocol: C:\Users\Public\Documents\WinWCP\Vprot\VSteps 10-100mV 100ms.xml
16:08:48 New data file: C:\Users\cecs06\Documents\WinWCP Data\130826_006.2.wcp created.
16:08:58 Stopped (10 records)
16:09:02 Recording Started 
16:09:02 Stimulus Protocol: C:\Users\Public\Documents\WinWCP\Vprot\VSteps 10-100mV 100ms.xml
16:09:04 Stopped (12 records)
16:09:04 Recording Started 
16:09:04 Stimulus Protocol: C:\Users\Public\Documents\WinWCP\Vprot\VSteps 10-100mV 100ms.xml
16:09:06 Stopped (14 records)
16:09:12 Recording Started 
16:09:12 Stimulus Protocol: C:\Users\Public\Documents\WinWCP\Vprot\VSteps 10-100mV 100ms.xml
16:09:12 New data file: C:\Users\cecs06\Documents\WinWCP Data\130826_006.3.wcp created.
16:09:14 Stopped (3 records)
16:10:33 Recording Started 
16:10:33 Stimulus Protocol: C:\Users\Public\Documents\WinWCP\Vprot\VSteps 10-100mV 100ms.xml
16:11:31 New data file: C:\Users\cecs06\Documents\WinWCP Data\130826_006.4.wcp created.
16:11:33 Stopped (2 records)
16:11:38 Recording Started 
16:11:38 Stimul16:13:47 WinWCP Started
16:14:15 Recording Started 
16:14:15 Stimulus Protocol: C:\Users\Public\Documents\WinWCP\Vprot\VSteps 10-100mV 100ms.xml
16:14:23 Stopped (25 records)
16:14:28 Recording Started 
16:14:28 Stimulus Protocol: C:\Users\Public\Documents\WinWCP\Vprot\VSteps 10-100mV 100ms.xml
16:14:34 Stopped (31 records)
16:15:26 WinWCP Started
16:15:34 WinWCP Started
16:15:40 New data file: C:\Users\cecs06\Documents\WinWCP Data\130826_007.wcp created.
16:15:42 Recording Started 
16:15:43 Stimulus Protocol: C:\Users\Public\Documents\WinWCP\Vprot\VSteps 10-100mV 100ms.xml
16:15:52 Stopped (10 records)
16:16:01 WinWCP Started
16:16:06 Recording Started 
16:16:06 Stimulus Protocol: C:\Users\Public\Documents\WinWCP\Vprot\VSteps 10-100mV 100ms.xml
16:16:16 Stopped (20 records)
16:19:28 WinWCP Started
16:36:03 WinWCP Started
