08:53:43 WinWCP Started
08:54:25 Recording Started 
08:54:25 Stimulus Protocol: C:\Users\Public\Documents\WinWCP\Vprot\VSteps 08:55:44 WinWCP Started
08:55:53 Recording Started 
08:55:53 Stimulus Protocol: C:\Users\Public\Documents\WinWCP\Vprot\VSteps 08:57:35 WinWCP Started
08:57:46 Recording Started 
08:57:46 Stimulus Protocol: C:\Users\Public\Documents\WinWCP\Vprot\VSteps 10-100mV 100ms.xml
08:57:46 New data file: C:\Users\cecs06\Documents\WinWCP Data\130827_002.wcp created.
08:57:56 Stopped (10 records)
09:04:09 WinWCP Started
09:13:41 WinWCP Started
09:14:17 Recording Started 
09:14:17 Stimulus Protocol: C:\Users\Public\Documents\WinWCP\Vprot\VSteps 10-100mV 100ms.xml
09:14:27 Stopped (20 records)
09:15:14 Recording Started 
09:15:14 Stimulus Protocol: C:\Users\Public\Documents\WinWCP\Vprot\VSteps 10-100mV 100ms.xml
09:15:23 Stopped (30 records)
09:26:34 WinWCP Started
09:36:47 WinWCP Started
09:37:14 WinWCP Started
09:44:28 WinWCP Started
09:47:25 WinWCP Started
09:51:11 WinWCP Started
09:51:57 WinWCP Started
09:54:07 WinWCP Started
10:05:15 WinWCP Started
10:07:43 WinWCP Started
10:08:19 WinWCP Started
10:12:17 WinWCP Started
10:13:17 WinWCP Started
10:14:07 WinWCP Started
10:42:52 WinWCP Started
10:45:39 WinWCP Started
10:48:28 WinWCP Started
11:02:01 WinWCP Started
11:02:26 New data file: C:\Users\cecs06\Documents\WinWCP Data\130827_003.wcp created.
11:02:28 Recording Started 
11:02:28 Stimulus Protocol: C:\Users\Public\Documents\WinWCP\Vprot\VSteps 10-100mV 100ms.xml
11:02:38 Stopped (10 records)
11:04:54 WinWCP Started
11:07:06 WinWCP Started
11:08:21 WinWCP Started
